2019-02-11 23:24:23: minidump.cc:5103: INFO: Minidump opened minidump 106b4765-67ea-4163-abc4178e-8dfd2c69.dmp
2019-02-11 23:24:23: minidump.cc:5233: INFO: Minidump not byte-swapping minidump
2019-02-11 23:24:23: minidump.cc:5876: INFO: GetStream: type 15 not present
2019-02-11 23:24:23: minidump.cc:5876: INFO: GetStream: type 1197932545 not present
2019-02-11 23:24:23: minidump.cc:5876: INFO: GetStream: type 1197932546 not present
2019-02-11 23:24:23: minidump.cc:2269: INFO: MinidumpModule could not determine version for /home/rui/projects/build-AutomationStudioV2-Desktop_Qt_5_11_1_GCC_64bit-Release/bin/AutomationStudio
2019-02-11 23:24:23: minidump.cc:2269: INFO: MinidumpModule could not determine version for /usr/lib/x86_64-linux-gnu/libxcb-xfixes.so.0.0.0
2019-02-11 23:24:23: minidump.cc:2269: INFO: MinidumpModule could not determine version for /home/rui/Qt/5.11.1/gcc_64/plugins/platforminputcontexts/libqtvirtualkeyboardplugin.so
2019-02-11 23:24:23: minidump.cc:2269: INFO: MinidumpModule could not determine version for /home/rui/Qt/5.11.1/gcc_64/plugins/xcbglintegrations/libqxcb-glx-integration.so
2019-02-11 23:24:23: minidump.cc:2269: INFO: MinidumpModule could not determine version for /usr/lib/x86_64-linux-gnu/libXcursor.so.1.0.2
2019-02-11 23:24:23: minidump.cc:2269: INFO: MinidumpModule could not determine version for /lib/x86_64-linux-gnu/libgpg-error.so.0.21.0
2019-02-11 23:24:23: minidump.cc:2269: INFO: MinidumpModule could not determine version for /lib/x86_64-linux-gnu/libgcrypt.so.20.1.6
2019-02-11 23:24:23: minidump.cc:2269: INFO: MinidumpModule could not determine version for /usr/lib/x86_64-linux-gnu/liblz4.so.1.7.1
2019-02-11 23:24:23: minidump.cc:2269: INFO: MinidumpModule could not determine version for /lib/x86_64-linux-gnu/liblzma.so.5.2.2
2019-02-11 23:24:23: minidump.cc:2269: INFO: MinidumpModule could not determine version for /lib/x86_64-linux-gnu/libselinux.so.1
2019-02-11 23:24:23: minidump.cc:2269: INFO: MinidumpModule could not determine version for /lib/x86_64-linux-gnu/libsystemd.so.0.17.0
2019-02-11 23:24:23: minidump.cc:2269: INFO: MinidumpModule could not determine version for /lib/x86_64-linux-gnu/libdbus-1.so.3.14.15
2019-02-11 23:24:23: minidump.cc:2269: INFO: MinidumpModule could not determine version for /usr/lib/x86_64-linux-gnu/libpng16.so.16.28.0
2019-02-11 23:24:23: minidump.cc:2269: INFO: MinidumpModule could not determine version for /usr/lib/x86_64-linux-gnu/libXrender.so.1.3.0
2019-02-11 23:24:23: minidump.cc:2269: INFO: MinidumpModule could not determine version for /usr/lib/x86_64-linux-gnu/libXi.so.6.1.0
2019-02-11 23:24:23: minidump.cc:2269: INFO: MinidumpModule could not determine version for /home/rui/Qt/5.11.1/gcc_64/lib/libQt5DBus.so.5.11.1
2019-02-11 23:24:23: minidump.cc:2269: INFO: MinidumpModule could not determine version for /usr/lib/x86_64-linux-gnu/libfreetype.so.6.12.3
2019-02-11 23:24:23: minidump.cc:2269: INFO: MinidumpModule could not determine version for /usr/lib/x86_64-linux-gnu/libfontconfig.so.1.8.0
2019-02-11 23:24:23: minidump.cc:2269: INFO: MinidumpModule could not determine version for /home/rui/Qt/5.11.1/gcc_64/lib/libQt5XcbQpa.so.5.11.1
2019-02-11 23:24:23: minidump.cc:2269: INFO: MinidumpModule could not determine version for /home/rui/Qt/5.11.1/gcc_64/plugins/platforms/libqxcb.so
2019-02-11 23:24:23: minidump.cc:2269: INFO: MinidumpModule could not determine version for /lib/x86_64-linux-gnu/libbsd.so.0.8.3
2019-02-11 23:24:23: minidump.cc:2269: INFO: MinidumpModule could not determine version for /usr/lib/x86_64-linux-gnu/libXdmcp.so.6.0.0
2019-02-11 23:24:23: minidump.cc:2269: INFO: MinidumpModule could not determine version for /usr/lib/x86_64-linux-gnu/libXau.so.6.0.0
2019-02-11 23:24:23: minidump.cc:2269: INFO: MinidumpModule could not determine version for /lib/x86_64-linux-gnu/libpcre.so.3.13.3
2019-02-11 23:24:23: minidump.cc:2269: INFO: MinidumpModule could not determine version for /usr/lib/x86_64-linux-gnu/libdrm.so.2.4.0
2019-02-11 23:24:23: minidump.cc:2269: INFO: MinidumpModule could not determine version for /usr/lib/x86_64-linux-gnu/libXxf86vm.so.1.0.0
2019-02-11 23:24:23: minidump.cc:2269: INFO: MinidumpModule could not determine version for /usr/lib/x86_64-linux-gnu/libxcb-dri2.so.0.0.0
2019-02-11 23:24:23: minidump.cc:2269: INFO: MinidumpModule could not determine version for /usr/lib/x86_64-linux-gnu/libxcb-glx.so.0.0.0
2019-02-11 23:24:23: minidump.cc:2269: INFO: MinidumpModule could not determine version for /usr/lib/x86_64-linux-gnu/libxcb.so.1.1.0
2019-02-11 23:24:23: minidump.cc:2269: INFO: MinidumpModule could not determine version for /usr/lib/x86_64-linux-gnu/libX11.so.6.3.0
2019-02-11 23:24:23: minidump.cc:2269: INFO: MinidumpModule could not determine version for /usr/lib/x86_64-linux-gnu/libX11-xcb.so.1.0.0
2019-02-11 23:24:23: minidump.cc:2269: INFO: MinidumpModule could not determine version for /usr/lib/x86_64-linux-gnu/libXfixes.so.3.1.0
2019-02-11 23:24:23: minidump.cc:2269: INFO: MinidumpModule could not determine version for /usr/lib/x86_64-linux-gnu/libXdamage.so.1.1.0
2019-02-11 23:24:23: minidump.cc:2269: INFO: MinidumpModule could not determine version for /usr/lib/x86_64-linux-gnu/libXext.so.6.4.0
2019-02-11 23:24:23: minidump.cc:2269: INFO: MinidumpModule could not determine version for /usr/lib/x86_64-linux-gnu/libglapi.so.0.0.0
2019-02-11 23:24:23: minidump.cc:2269: INFO: MinidumpModule could not determine version for /usr/lib/x86_64-linux-gnu/libxshmfence.so.1.0.0
2019-02-11 23:24:23: minidump.cc:2269: INFO: MinidumpModule could not determine version for /usr/lib/x86_64-linux-gnu/libxcb-sync.so.1.0.0
2019-02-11 23:24:23: minidump.cc:2269: INFO: MinidumpModule could not determine version for /usr/lib/x86_64-linux-gnu/libxcb-present.so.0.0.0
2019-02-11 23:24:23: minidump.cc:2269: INFO: MinidumpModule could not determine version for /usr/lib/x86_64-linux-gnu/libxcb-dri3.so.0.0.0
2019-02-11 23:24:23: minidump.cc:2269: INFO: MinidumpModule could not determine version for /lib/x86_64-linux-gnu/libexpat.so.1.6.2
2019-02-11 23:24:23: minidump.cc:2269: INFO: MinidumpModule could not determine version for /lib/x86_64-linux-gnu/libglib-2.0.so.0.5000.3
2019-02-11 23:24:23: minidump.cc:2269: INFO: MinidumpModule could not determine version for /usr/lib/x86_64-linux-gnu/libgthread-2.0.so.0.5000.3
2019-02-11 23:24:23: minidump.cc:2269: INFO: MinidumpModule could not determine version for /lib/x86_64-linux-gnu/libdl-2.24.so
2019-02-11 23:24:23: minidump.cc:2269: INFO: MinidumpModule could not determine version for /home/rui/Qt/5.11.1/gcc_64/lib/libicudata.so.56.1
2019-02-11 23:24:23: minidump.cc:2269: INFO: MinidumpModule could not determine version for /home/rui/Qt/5.11.1/gcc_64/lib/libicuuc.so.56.1
2019-02-11 23:24:23: minidump.cc:2269: INFO: MinidumpModule could not determine version for /home/rui/Qt/5.11.1/gcc_64/lib/libicui18n.so.56.1
2019-02-11 23:24:23: minidump.cc:2269: INFO: MinidumpModule could not determine version for /lib/x86_64-linux-gnu/libz.so.1.2.8
2019-02-11 23:24:23: minidump.cc:2269: INFO: MinidumpModule could not determine version for /home/rui/Qt/5.11.1/gcc_64/lib/libQt5QuickTemplates2.so.5.11.1
2019-02-11 23:24:23: minidump.cc:2269: INFO: MinidumpModule could not determine version for /home/rui/Qt/5.11.1/gcc_64/lib/libQt5SerialPort.so.5.11.1
2019-02-11 23:24:23: minidump.cc:2269: INFO: MinidumpModule could not determine version for /home/rui/projects/build-AutomationStudioV2-Desktop_Qt_5_11_1_GCC_64bit-Release/bin/libQuickQanava.so
2019-02-11 23:24:23: minidump.cc:2269: INFO: MinidumpModule could not determine version for /home/rui/projects/build-AutomationStudioV2-Desktop_Qt_5_11_1_GCC_64bit-Release/bin/libquazip.so.1.0.0
2019-02-11 23:24:23: minidump.cc:2269: INFO: MinidumpModule could not determine version for /home/rui/projects/build-AutomationStudioV2-Desktop_Qt_5_11_1_GCC_64bit-Release/bin/libsioclient.so.1.0.0
2019-02-11 23:24:23: minidump.cc:2269: INFO: MinidumpModule could not determine version for /lib/x86_64-linux-gnu/librt-2.24.so
2019-02-11 23:24:23: minidump.cc:2269: INFO: MinidumpModule could not determine version for /lib/x86_64-linux-gnu/libc-2.24.so
2019-02-11 23:24:23: minidump.cc:2269: INFO: MinidumpModule could not determine version for /lib/x86_64-linux-gnu/libgcc_s.so.1
2019-02-11 23:24:23: minidump.cc:2269: INFO: MinidumpModule could not determine version for /lib/x86_64-linux-gnu/libm-2.24.so
2019-02-11 23:24:23: minidump.cc:2269: INFO: MinidumpModule could not determine version for /usr/lib/x86_64-linux-gnu/libstdc++.so.6.0.22
2019-02-11 23:24:23: minidump.cc:2269: INFO: MinidumpModule could not determine version for /usr/lib/x86_64-linux-gnu/libGL.so.1.2.0
2019-02-11 23:24:23: minidump.cc:2269: INFO: MinidumpModule could not determine version for /lib/x86_64-linux-gnu/libpthread-2.24.so
2019-02-11 23:24:23: minidump.cc:2269: INFO: MinidumpModule could not determine version for /home/rui/Qt/5.11.1/gcc_64/lib/libQt5Core.so.5.11.1
2019-02-11 23:24:23: minidump.cc:2269: INFO: MinidumpModule could not determine version for /home/rui/Qt/5.11.1/gcc_64/lib/libQt5Concurrent.so.5.11.1
2019-02-11 23:24:23: minidump.cc:2269: INFO: MinidumpModule could not determine version for /home/rui/Qt/5.11.1/gcc_64/lib/libQt5Network.so.5.11.1
2019-02-11 23:24:23: minidump.cc:2269: INFO: MinidumpModule could not determine version for /home/rui/Qt/5.11.1/gcc_64/lib/libQt5Qml.so.5.11.1
2019-02-11 23:24:23: minidump.cc:2269: INFO: MinidumpModule could not determine version for /home/rui/Qt/5.11.1/gcc_64/lib/libQt5Gui.so.5.11.1
2019-02-11 23:24:23: minidump.cc:2269: INFO: MinidumpModule could not determine version for /home/rui/Qt/5.11.1/gcc_64/lib/libQt5Widgets.so.5.11.1
2019-02-11 23:24:23: minidump.cc:2269: INFO: MinidumpModule could not determine version for /home/rui/Qt/5.11.1/gcc_64/lib/libQt5OpenGL.so.5.11.1
2019-02-11 23:24:23: minidump.cc:2269: INFO: MinidumpModule could not determine version for /home/rui/Qt/5.11.1/gcc_64/lib/libQt5Quick.so.5.11.1
2019-02-11 23:24:23: minidump.cc:2269: INFO: MinidumpModule could not determine version for /home/rui/Qt/5.11.1/gcc_64/lib/libQt5QuickControls2.so.5.11.1
2019-02-11 23:24:23: minidump.cc:2269: INFO: MinidumpModule could not determine version for /home/rui/projects/build-AutomationStudioV2-Desktop_Qt_5_11_1_GCC_64bit-Release/bin/libautomationmodule.so
2019-02-11 23:24:23: minidump.cc:2269: INFO: MinidumpModule could not determine version for /home/rui/projects/build-AutomationStudioV2-Desktop_Qt_5_11_1_GCC_64bit-Release/bin/libautomationstudiocore.so.1.0.0
2019-02-11 23:24:23: minidump.cc:2269: INFO: MinidumpModule could not determine version for /home/rui/projects/build-AutomationStudioV2-Desktop_Qt_5_11_1_GCC_64bit-Release/bin/libCuteLogger.so.1.0.0
2019-02-11 23:24:23: minidump.cc:2269: INFO: MinidumpModule could not determine version for /usr/lib/x86_64-linux-gnu/libboost_system.so.1.62.0
2019-02-11 23:24:23: minidump.cc:2269: INFO: MinidumpModule could not determine version for /lib/x86_64-linux-gnu/ld-2.24.so
2019-02-11 23:24:23: minidump.cc:2269: INFO: MinidumpModule could not determine version for /usr/lib/locale/locale-archive
2019-02-11 23:24:23: minidump.cc:2269: INFO: MinidumpModule could not determine version for linux-gate.so
2019-02-11 23:24:23: minidump.cc:2269: INFO: MinidumpModule could not determine version for /home/rui/projects/build-AutomationStudioV2-Desktop_Qt_5_11_1_GCC_64bit-Release/bin/AutomationStudio
2019-02-11 23:24:23: minidump.cc:2269: INFO: MinidumpModule could not determine version for /usr/lib/x86_64-linux-gnu/libxcb-xfixes.so.0.0.0
2019-02-11 23:24:23: minidump.cc:2269: INFO: MinidumpModule could not determine version for /home/rui/Qt/5.11.1/gcc_64/plugins/platforminputcontexts/libqtvirtualkeyboardplugin.so
2019-02-11 23:24:23: minidump.cc:2269: INFO: MinidumpModule could not determine version for /home/rui/Qt/5.11.1/gcc_64/plugins/xcbglintegrations/libqxcb-glx-integration.so
2019-02-11 23:24:23: minidump.cc:2269: INFO: MinidumpModule could not determine version for /usr/lib/x86_64-linux-gnu/libXcursor.so.1.0.2
2019-02-11 23:24:23: minidump.cc:2269: INFO: MinidumpModule could not determine version for /lib/x86_64-linux-gnu/libgpg-error.so.0.21.0
2019-02-11 23:24:23: minidump.cc:2269: INFO: MinidumpModule could not determine version for /lib/x86_64-linux-gnu/libgcrypt.so.20.1.6
2019-02-11 23:24:23: minidump.cc:2269: INFO: MinidumpModule could not determine version for /usr/lib/x86_64-linux-gnu/liblz4.so.1.7.1
2019-02-11 23:24:23: minidump.cc:2269: INFO: MinidumpModule could not determine version for /lib/x86_64-linux-gnu/liblzma.so.5.2.2
2019-02-11 23:24:23: minidump.cc:2269: INFO: MinidumpModule could not determine version for /lib/x86_64-linux-gnu/libselinux.so.1
2019-02-11 23:24:23: minidump.cc:2269: INFO: MinidumpModule could not determine version for /lib/x86_64-linux-gnu/libsystemd.so.0.17.0
2019-02-11 23:24:23: minidump.cc:2269: INFO: MinidumpModule could not determine version for /lib/x86_64-linux-gnu/libdbus-1.so.3.14.15
2019-02-11 23:24:23: minidump.cc:2269: INFO: MinidumpModule could not determine version for /usr/lib/x86_64-linux-gnu/libpng16.so.16.28.0
2019-02-11 23:24:23: minidump.cc:2269: INFO: MinidumpModule could not determine version for /usr/lib/x86_64-linux-gnu/libXrender.so.1.3.0
2019-02-11 23:24:23: minidump.cc:2269: INFO: MinidumpModule could not determine version for /usr/lib/x86_64-linux-gnu/libXi.so.6.1.0
2019-02-11 23:24:23: minidump.cc:2269: INFO: MinidumpModule could not determine version for /home/rui/Qt/5.11.1/gcc_64/lib/libQt5DBus.so.5.11.1
2019-02-11 23:24:23: minidump.cc:2269: INFO: MinidumpModule could not determine version for /usr/lib/x86_64-linux-gnu/libfreetype.so.6.12.3
2019-02-11 23:24:23: minidump.cc:2269: INFO: MinidumpModule could not determine version for /usr/lib/x86_64-linux-gnu/libfontconfig.so.1.8.0
2019-02-11 23:24:23: minidump.cc:2269: INFO: MinidumpModule could not determine version for /home/rui/Qt/5.11.1/gcc_64/lib/libQt5XcbQpa.so.5.11.1
2019-02-11 23:24:23: minidump.cc:2269: INFO: MinidumpModule could not determine version for /home/rui/Qt/5.11.1/gcc_64/plugins/platforms/libqxcb.so
2019-02-11 23:24:23: minidump.cc:2269: INFO: MinidumpModule could not determine version for /lib/x86_64-linux-gnu/libbsd.so.0.8.3
2019-02-11 23:24:23: minidump.cc:2269: INFO: MinidumpModule could not determine version for /usr/lib/x86_64-linux-gnu/libXdmcp.so.6.0.0
2019-02-11 23:24:23: minidump.cc:2269: INFO: MinidumpModule could not determine version for /usr/lib/x86_64-linux-gnu/libXau.so.6.0.0
2019-02-11 23:24:23: minidump.cc:2269: INFO: MinidumpModule could not determine version for /lib/x86_64-linux-gnu/libpcre.so.3.13.3
2019-02-11 23:24:23: minidump.cc:2269: INFO: MinidumpModule could not determine version for /usr/lib/x86_64-linux-gnu/libdrm.so.2.4.0
2019-02-11 23:24:23: minidump.cc:2269: INFO: MinidumpModule could not determine version for /usr/lib/x86_64-linux-gnu/libXxf86vm.so.1.0.0
2019-02-11 23:24:23: minidump.cc:2269: INFO: MinidumpModule could not determine version for /usr/lib/x86_64-linux-gnu/libxcb-dri2.so.0.0.0
2019-02-11 23:24:23: minidump.cc:2269: INFO: MinidumpModule could not determine version for /usr/lib/x86_64-linux-gnu/libxcb-glx.so.0.0.0
2019-02-11 23:24:23: minidump.cc:2269: INFO: MinidumpModule could not determine version for /usr/lib/x86_64-linux-gnu/libxcb.so.1.1.0
2019-02-11 23:24:23: minidump.cc:2269: INFO: MinidumpModule could not determine version for /usr/lib/x86_64-linux-gnu/libX11.so.6.3.0
2019-02-11 23:24:23: minidump.cc:2269: INFO: MinidumpModule could not determine version for /usr/lib/x86_64-linux-gnu/libX11-xcb.so.1.0.0
2019-02-11 23:24:23: minidump.cc:2269: INFO: MinidumpModule could not determine version for /usr/lib/x86_64-linux-gnu/libXfixes.so.3.1.0
2019-02-11 23:24:23: minidump.cc:2269: INFO: MinidumpModule could not determine version for /usr/lib/x86_64-linux-gnu/libXdamage.so.1.1.0
2019-02-11 23:24:23: minidump.cc:2269: INFO: MinidumpModule could not determine version for /usr/lib/x86_64-linux-gnu/libXext.so.6.4.0
2019-02-11 23:24:23: minidump.cc:2269: INFO: MinidumpModule could not determine version for /usr/lib/x86_64-linux-gnu/libglapi.so.0.0.0
2019-02-11 23:24:23: minidump.cc:2269: INFO: MinidumpModule could not determine version for /usr/lib/x86_64-linux-gnu/libxshmfence.so.1.0.0
2019-02-11 23:24:23: minidump.cc:2269: INFO: MinidumpModule could not determine version for /usr/lib/x86_64-linux-gnu/libxcb-sync.so.1.0.0
2019-02-11 23:24:23: minidump.cc:2269: INFO: MinidumpModule could not determine version for /usr/lib/x86_64-linux-gnu/libxcb-present.so.0.0.0
2019-02-11 23:24:23: minidump.cc:2269: INFO: MinidumpModule could not determine version for /usr/lib/x86_64-linux-gnu/libxcb-dri3.so.0.0.0
2019-02-11 23:24:23: minidump.cc:2269: INFO: MinidumpModule could not determine version for /lib/x86_64-linux-gnu/libexpat.so.1.6.2
2019-02-11 23:24:23: minidump.cc:2269: INFO: MinidumpModule could not determine version for /lib/x86_64-linux-gnu/libglib-2.0.so.0.5000.3
2019-02-11 23:24:23: minidump.cc:2269: INFO: MinidumpModule could not determine version for /usr/lib/x86_64-linux-gnu/libgthread-2.0.so.0.5000.3
2019-02-11 23:24:23: minidump.cc:2269: INFO: MinidumpModule could not determine version for /lib/x86_64-linux-gnu/libdl-2.24.so
2019-02-11 23:24:23: minidump.cc:2269: INFO: MinidumpModule could not determine version for /home/rui/Qt/5.11.1/gcc_64/lib/libicudata.so.56.1
2019-02-11 23:24:23: minidump.cc:2269: INFO: MinidumpModule could not determine version for /home/rui/Qt/5.11.1/gcc_64/lib/libicuuc.so.56.1
2019-02-11 23:24:23: minidump.cc:2269: INFO: MinidumpModule could not determine version for /home/rui/Qt/5.11.1/gcc_64/lib/libicui18n.so.56.1
2019-02-11 23:24:23: minidump.cc:2269: INFO: MinidumpModule could not determine version for /lib/x86_64-linux-gnu/libz.so.1.2.8
2019-02-11 23:24:23: minidump.cc:2269: INFO: MinidumpModule could not determine version for /home/rui/Qt/5.11.1/gcc_64/lib/libQt5QuickTemplates2.so.5.11.1
2019-02-11 23:24:23: minidump.cc:2269: INFO: MinidumpModule could not determine version for /home/rui/Qt/5.11.1/gcc_64/lib/libQt5SerialPort.so.5.11.1
2019-02-11 23:24:23: minidump.cc:2269: INFO: MinidumpModule could not determine version for /home/rui/projects/build-AutomationStudioV2-Desktop_Qt_5_11_1_GCC_64bit-Release/bin/libQuickQanava.so
2019-02-11 23:24:23: minidump.cc:2269: INFO: MinidumpModule could not determine version for /home/rui/projects/build-AutomationStudioV2-Desktop_Qt_5_11_1_GCC_64bit-Release/bin/libquazip.so.1.0.0
2019-02-11 23:24:23: minidump.cc:2269: INFO: MinidumpModule could not determine version for /home/rui/projects/build-AutomationStudioV2-Desktop_Qt_5_11_1_GCC_64bit-Release/bin/libsioclient.so.1.0.0
2019-02-11 23:24:23: minidump.cc:2269: INFO: MinidumpModule could not determine version for /lib/x86_64-linux-gnu/librt-2.24.so
2019-02-11 23:24:23: minidump.cc:2269: INFO: MinidumpModule could not determine version for /lib/x86_64-linux-gnu/libc-2.24.so
2019-02-11 23:24:23: minidump.cc:2269: INFO: MinidumpModule could not determine version for /lib/x86_64-linux-gnu/libgcc_s.so.1
2019-02-11 23:24:23: minidump.cc:2269: INFO: MinidumpModule could not determine version for /lib/x86_64-linux-gnu/libm-2.24.so
2019-02-11 23:24:23: minidump.cc:2269: INFO: MinidumpModule could not determine version for /usr/lib/x86_64-linux-gnu/libstdc++.so.6.0.22
2019-02-11 23:24:23: minidump.cc:2269: INFO: MinidumpModule could not determine version for /usr/lib/x86_64-linux-gnu/libGL.so.1.2.0
2019-02-11 23:24:23: minidump.cc:2269: INFO: MinidumpModule could not determine version for /lib/x86_64-linux-gnu/libpthread-2.24.so
2019-02-11 23:24:23: minidump.cc:2269: INFO: MinidumpModule could not determine version for /home/rui/Qt/5.11.1/gcc_64/lib/libQt5Core.so.5.11.1
2019-02-11 23:24:23: minidump.cc:2269: INFO: MinidumpModule could not determine version for /home/rui/Qt/5.11.1/gcc_64/lib/libQt5Concurrent.so.5.11.1
2019-02-11 23:24:23: minidump.cc:2269: INFO: MinidumpModule could not determine version for /home/rui/Qt/5.11.1/gcc_64/lib/libQt5Network.so.5.11.1
2019-02-11 23:24:23: minidump.cc:2269: INFO: MinidumpModule could not determine version for /home/rui/Qt/5.11.1/gcc_64/lib/libQt5Qml.so.5.11.1
2019-02-11 23:24:23: minidump.cc:2269: INFO: MinidumpModule could not determine version for /home/rui/Qt/5.11.1/gcc_64/lib/libQt5Gui.so.5.11.1
2019-02-11 23:24:23: minidump.cc:2269: INFO: MinidumpModule could not determine version for /home/rui/Qt/5.11.1/gcc_64/lib/libQt5Widgets.so.5.11.1
2019-02-11 23:24:23: minidump.cc:2269: INFO: MinidumpModule could not determine version for /home/rui/Qt/5.11.1/gcc_64/lib/libQt5OpenGL.so.5.11.1
2019-02-11 23:24:23: minidump.cc:2269: INFO: MinidumpModule could not determine version for /home/rui/Qt/5.11.1/gcc_64/lib/libQt5Quick.so.5.11.1
2019-02-11 23:24:23: minidump.cc:2269: INFO: MinidumpModule could not determine version for /home/rui/Qt/5.11.1/gcc_64/lib/libQt5QuickControls2.so.5.11.1
2019-02-11 23:24:23: minidump.cc:2269: INFO: MinidumpModule could not determine version for /home/rui/projects/build-AutomationStudioV2-Desktop_Qt_5_11_1_GCC_64bit-Release/bin/libautomationmodule.so
2019-02-11 23:24:23: minidump.cc:2269: INFO: MinidumpModule could not determine version for /home/rui/projects/build-AutomationStudioV2-Desktop_Qt_5_11_1_GCC_64bit-Release/bin/libautomationstudiocore.so.1.0.0
2019-02-11 23:24:23: minidump.cc:2269: INFO: MinidumpModule could not determine version for /home/rui/projects/build-AutomationStudioV2-Desktop_Qt_5_11_1_GCC_64bit-Release/bin/libCuteLogger.so.1.0.0
2019-02-11 23:24:23: minidump.cc:2269: INFO: MinidumpModule could not determine version for /usr/lib/x86_64-linux-gnu/libboost_system.so.1.62.0
2019-02-11 23:24:23: minidump.cc:2269: INFO: MinidumpModule could not determine version for /lib/x86_64-linux-gnu/ld-2.24.so
2019-02-11 23:24:23: minidump.cc:2269: INFO: MinidumpModule could not determine version for /usr/lib/locale/locale-archive
2019-02-11 23:24:23: minidump.cc:2269: INFO: MinidumpModule could not determine version for linux-gate.so
2019-02-11 23:24:23: minidump.cc:5876: INFO: GetStream: type 14 not present
2019-02-11 23:24:23: minidump_processor.cc:152: INFO: Found 3 memory regions.
2019-02-11 23:24:23: minidump_processor.cc:162: INFO: Minidump 106b4765-67ea-4163-abc4178e-8dfd2c69.dmp has CPU info, OS info, no Breakpad info, exception, module list, thread list, no dump thread, requesting thread, and no process create time
2019-02-11 23:24:23: minidump_processor.cc:201: INFO: Looking at thread 106b4765-67ea-4163-abc4178e-8dfd2c69.dmp:0/2 id 0x3411
2019-02-11 23:24:23: minidump.cc:489: INFO: MinidumpContext: looks like AMD64 context
2019-02-11 23:24:23: minidump.cc:489: INFO: MinidumpContext: looks like AMD64 context
2019-02-11 23:24:23: source_line_resolver_base.cc:236: INFO: Loading symbols for module /home/rui/projects/build-AutomationStudioV2-Desktop_Qt_5_11_1_GCC_64bit-Release/bin/AutomationStudio from memory buffer
2019-02-11 23:24:23: simple_symbol_supplier.cc:196: INFO: No symbol file at ./symbols/libc-2.24.so/269E88AA0FA7FA988D230D088F7CC5BF0/libc-2.24.so.sym
2019-02-11 23:24:23: stackwalker.cc:103: INFO: Couldn't load symbols for: /lib/x86_64-linux-gnu/libc-2.24.so|269E88AA0FA7FA988D230D088F7CC5BF0
2019-02-11 23:24:23: minidump.cc:1394: INFO: MinidumpMemoryRegion request out of range: 0x55f433c46718+8/0x7ffcaa6a8000+0x3000
2019-02-11 23:24:23: basic_code_modules.cc:110: INFO: No module at 0x7f9d588ab430
2019-02-11 23:24:23: basic_code_modules.cc:110: INFO: No module at 0x7ffcaa6a8f48
2019-02-11 23:24:23: basic_code_modules.cc:110: INFO: No module at 0x158894fa8
2019-02-11 23:24:23: minidump_processor.cc:201: INFO: Looking at thread 106b4765-67ea-4163-abc4178e-8dfd2c69.dmp:1/2 id 0x3412
2019-02-11 23:24:23: minidump.cc:489: INFO: MinidumpContext: looks like AMD64 context
2019-02-11 23:24:23: minidump.cc:1394: INFO: MinidumpMemoryRegion request out of range: 0x8+8/0x7f9d4b954000+0x2000
2019-02-11 23:24:23: basic_code_modules.cc:110: INFO: No module at 0x0
2019-02-11 23:24:23: simple_symbol_supplier.cc:196: INFO: No symbol file at ./symbols/libxcb.so.1.1.0/2A288E5D977B77F9C03A8C50828B82380/libxcb.so.1.1.0.sym
2019-02-11 23:24:23: stackwalker.cc:103: INFO: Couldn't load symbols for: /usr/lib/x86_64-linux-gnu/libxcb.so.1.1.0|2A288E5D977B77F9C03A8C50828B82380
2019-02-11 23:24:23: minidump.cc:1394: INFO: MinidumpMemoryRegion request out of range: 0x8+8/0x7f9d4b954000+0x2000
2019-02-11 23:24:23: basic_code_modules.cc:110: INFO: No module at 0x1
2019-02-11 23:24:23: basic_code_modules.cc:110: INFO: No module at 0x0
2019-02-11 23:24:23: basic_code_modules.cc:110: INFO: No module at 0x100000004
2019-02-11 23:24:23: simple_symbol_supplier.cc:196: INFO: No symbol file at ./symbols/libQt5Core.so.5.11.1/8190AE2EA753D4F8041C213736DEACBD0/libQt5Core.so.5.11.1.sym
2019-02-11 23:24:23: stackwalker.cc:103: INFO: Couldn't load symbols for: /home/rui/Qt/5.11.1/gcc_64/lib/libQt5Core.so.5.11.1|8190AE2EA753D4F8041C213736DEACBD0
2019-02-11 23:24:23: minidump.cc:1394: INFO: MinidumpMemoryRegion request out of range: 0x8+8/0x7f9d4b954000+0x2000
2019-02-11 23:24:23: basic_code_modules.cc:110: INFO: No module at 0xc8
2019-02-11 23:24:23: basic_code_modules.cc:110: INFO: No module at 0x7f9d4b954df0
2019-02-11 23:24:23: basic_code_modules.cc:110: INFO: No module at 0x7f9d4b954dd0
2019-02-11 23:24:23: basic_code_modules.cc:110: INFO: No module at 0x55f434e6cc10
2019-02-11 23:24:23: basic_code_modules.cc:110: INFO: No module at 0x7f9d55d189c0
2019-02-11 23:24:23: basic_code_modules.cc:110: INFO: No module at 0x7f9d4b954de0
2019-02-11 23:24:23: basic_code_modules.cc:110: INFO: No module at 0x544002100
2019-02-11 23:24:23: basic_code_modules.cc:110: INFO: No module at 0x0
2019-02-11 23:24:23: basic_code_modules.cc:110: INFO: No module at 0x1
2019-02-11 23:24:23: simple_symbol_supplier.cc:196: INFO: No symbol file at ./symbols/libpthread-2.24.so/31CD8542DD5896E5765C747AE210AB6C0/libpthread-2.24.so.sym
2019-02-11 23:24:23: stackwalker.cc:103: INFO: Couldn't load symbols for: /lib/x86_64-linux-gnu/libpthread-2.24.so|31CD8542DD5896E5765C747AE210AB6C0
2019-02-11 23:24:23: minidump.cc:1394: INFO: MinidumpMemoryRegion request out of range: 0x8+8/0x7f9d4b954000+0x2000
2019-02-11 23:24:23: basic_code_modules.cc:110: INFO: No module at 0x55f434e6d2f0
2019-02-11 23:24:23: basic_code_modules.cc:110: INFO: No module at 0x7f9d440033c0
2019-02-11 23:24:23: basic_code_modules.cc:110: INFO: No module at 0x7f9d55d1ae21
2019-02-11 23:24:23: basic_code_modules.cc:110: INFO: No module at 0x0
2019-02-11 23:24:23: basic_code_modules.cc:110: INFO: No module at 0x0
2019-02-11 23:24:23: simple_symbol_supplier.cc:196: INFO: No symbol file at ./symbols/libglib-2.0.so.0.5000.3/182C2CE9BC56050E064CCD40C688EF930/libglib-2.0.so.0.5000.3.sym
2019-02-11 23:24:23: stackwalker.cc:103: INFO: Couldn't load symbols for: /lib/x86_64-linux-gnu/libglib-2.0.so.0.5000.3|182C2CE9BC56050E064CCD40C688EF930
2019-02-11 23:24:23: minidump.cc:1394: INFO: MinidumpMemoryRegion request out of range: 0x8+8/0x7f9d4b954000+0x2000
2019-02-11 23:24:23: basic_code_modules.cc:110: INFO: No module at 0x55f434e6cc00
2019-02-11 23:24:23: minidump.cc:1394: INFO: MinidumpMemoryRegion request out of range: 0x8+8/0x7f9d4b954000+0x2000
2019-02-11 23:24:23: minidump.cc:1394: INFO: MinidumpMemoryRegion request out of range: 0x8+8/0x7f9d4b954000+0x2000
2019-02-11 23:24:23: basic_code_modules.cc:110: INFO: No module at 0xfa56e9318fb9a200
2019-02-11 23:24:23: basic_code_modules.cc:110: INFO: No module at 0x7f9d440008e0
2019-02-11 23:24:23: basic_code_modules.cc:110: INFO: No module at 0x55f434e62820
2019-02-11 23:24:23: basic_code_modules.cc:110: INFO: No module at 0x55f434e62860
2019-02-11 23:24:23: basic_code_modules.cc:110: INFO: No module at 0x55f434e62838
2019-02-11 23:24:23: basic_code_modules.cc:110: INFO: No module at 0x55f434e638c8
2019-02-11 23:24:23: basic_code_modules.cc:110: INFO: No module at 0x0
2019-02-11 23:24:23: basic_code_modules.cc:110: INFO: No module at 0x7f9d59173040
2019-02-11 23:24:23: minidump.cc:1394: INFO: MinidumpMemoryRegion request out of range: 0x8+8/0x7f9d4b954000+0x2000
2019-02-11 23:24:23: basic_code_modules.cc:110: INFO: No module at 0x55f434e6cef0
2019-02-11 23:24:23: basic_code_modules.cc:110: INFO: No module at 0x55f434e6cf00
2019-02-11 23:24:23: basic_code_modules.cc:110: INFO: No module at 0x7f9d44003940
2019-02-11 23:24:23: basic_code_modules.cc:110: INFO: No module at 0x7ffcaa6a838f
2019-02-11 23:24:23: basic_code_modules.cc:110: INFO: No module at 0x0
2019-02-11 23:24:23: simple_symbol_supplier.cc:196: INFO: No symbol file at ./symbols/libQt5XcbQpa.so.5.11.1/B986404F23E28A0BC21E8A739CF5521F0/libQt5XcbQpa.so.5.11.1.sym
2019-02-11 23:24:23: stackwalker.cc:103: INFO: Couldn't load symbols for: /home/rui/Qt/5.11.1/gcc_64/lib/libQt5XcbQpa.so.5.11.1|B986404F23E28A0BC21E8A739CF5521F0
2019-02-11 23:24:23: minidump.cc:1394: INFO: MinidumpMemoryRegion request out of range: 0x8+8/0x7f9d4b954000+0x2000
2019-02-11 23:24:23: basic_code_modules.cc:110: INFO: No module at 0x0
2019-02-11 23:24:23: basic_code_modules.cc:110: INFO: No module at 0x55f434e6cef0
2019-02-11 23:24:23: basic_code_modules.cc:110: INFO: No module at 0x7f9d4b954ed0
2019-02-11 23:24:23: basic_code_modules.cc:110: INFO: No module at 0x55f434e6d250
2019-02-11 23:24:23: basic_code_modules.cc:110: INFO: No module at 0x7ffcaa6a838f
2019-02-11 23:24:23: minidump.cc:1394: INFO: MinidumpMemoryRegion request out of range: 0x8+8/0x7f9d4b954000+0x2000
2019-02-11 23:24:23: minidump.cc:1394: INFO: MinidumpMemoryRegion request out of range: 0x8+8/0x7f9d4b954000+0x2000
2019-02-11 23:24:23: basic_code_modules.cc:110: INFO: No module at 0x0
2019-02-11 23:24:23: basic_code_modules.cc:110: INFO: No module at 0x0
2019-02-11 23:24:23: basic_code_modules.cc:110: INFO: No module at 0x0
2019-02-11 23:24:23: basic_code_modules.cc:110: INFO: No module at 0x0
2019-02-11 23:24:23: basic_code_modules.cc:110: INFO: No module at 0x0
2019-02-11 23:24:23: basic_code_modules.cc:110: INFO: No module at 0x0
2019-02-11 23:24:23: basic_code_modules.cc:110: INFO: No module at 0x0
2019-02-11 23:24:23: basic_code_modules.cc:110: INFO: No module at 0x7ffcaa6a838f
2019-02-11 23:24:23: basic_code_modules.cc:110: INFO: No module at 0x0
2019-02-11 23:24:23: basic_code_modules.cc:110: INFO: No module at 0x0
2019-02-11 23:24:23: minidump.cc:1394: INFO: MinidumpMemoryRegion request out of range: 0x8+8/0x7f9d4b954000+0x2000
2019-02-11 23:24:23: basic_code_modules.cc:110: INFO: No module at 0x0
2019-02-11 23:24:23: basic_code_modules.cc:110: INFO: No module at 0x7f9d4b955700
2019-02-11 23:24:23: basic_code_modules.cc:110: INFO: No module at 0x7f9d4b955700
2019-02-11 23:24:23: basic_code_modules.cc:110: INFO: No module at 0x93f5b34ae0714368
2019-02-11 23:24:23: basic_code_modules.cc:110: INFO: No module at 0x0
2019-02-11 23:24:23: basic_code_modules.cc:110: INFO: No module at 0x7ffcaa6a838f
2019-02-11 23:24:23: basic_code_modules.cc:110: INFO: No module at 0x0
2019-02-11 23:24:23: basic_code_modules.cc:110: INFO: No module at 0x7f9d59173040
2019-02-11 23:24:23: basic_code_modules.cc:110: INFO: No module at 0x6ccf24607db14368
2019-02-11 23:24:23: basic_code_modules.cc:110: INFO: No module at 0x6ccf193f68cb4368
2019-02-11 23:24:23: basic_code_modules.cc:110: INFO: No module at 0x0
2019-02-11 23:24:23: basic_code_modules.cc:110: INFO: No module at 0x0
2019-02-11 23:24:23: basic_code_modules.cc:110: INFO: No module at 0x0
2019-02-11 23:24:23: basic_code_modules.cc:110: INFO: No module at 0x0
2019-02-11 23:24:23: basic_code_modules.cc:110: INFO: No module at 0x0
2019-02-11 23:24:23: basic_code_modules.cc:110: INFO: No module at 0x0
2019-02-11 23:24:23: basic_code_modules.cc:110: INFO: No module at 0x0
2019-02-11 23:24:23: basic_code_modules.cc:110: INFO: No module at 0x0
2019-02-11 23:24:23: basic_code_modules.cc:110: INFO: No module at 0x7f9d4b955700
2019-02-11 23:24:23: minidump.cc:1394: INFO: MinidumpMemoryRegion request out of range: 0x8+8/0x7f9d4b954000+0x2000
2019-02-11 23:24:23: basic_code_modules.cc:110: INFO: No module at 0x0
2019-02-11 23:24:23: basic_code_modules.cc:110: INFO: No module at 0x0
2019-02-11 23:24:23: basic_code_modules.cc:110: INFO: No module at 0x0
2019-02-11 23:24:23: basic_code_modules.cc:110: INFO: No module at 0x0
2019-02-11 23:24:23: basic_code_modules.cc:110: INFO: No module at 0x0
2019-02-11 23:24:23: basic_code_modules.cc:110: INFO: No module at 0x0
2019-02-11 23:24:23: basic_code_modules.cc:110: INFO: No module at 0x0
2019-02-11 23:24:23: basic_code_modules.cc:110: INFO: No module at 0x0
2019-02-11 23:24:23: basic_code_modules.cc:110: INFO: No module at 0x0
2019-02-11 23:24:23: basic_code_modules.cc:110: INFO: No module at 0x0
2019-02-11 23:24:23: basic_code_modules.cc:110: INFO: No module at 0x0
2019-02-11 23:24:23: basic_code_modules.cc:110: INFO: No module at 0x0
2019-02-11 23:24:23: basic_code_modules.cc:110: INFO: No module at 0x0
2019-02-11 23:24:23: basic_code_modules.cc:110: INFO: No module at 0x0
2019-02-11 23:24:23: basic_code_modules.cc:110: INFO: No module at 0x0
2019-02-11 23:24:23: basic_code_modules.cc:110: INFO: No module at 0x0
2019-02-11 23:24:23: basic_code_modules.cc:110: INFO: No module at 0x0
2019-02-11 23:24:23: basic_code_modules.cc:110: INFO: No module at 0x0
2019-02-11 23:24:23: basic_code_modules.cc:110: INFO: No module at 0x0
2019-02-11 23:24:23: basic_code_modules.cc:110: INFO: No module at 0x0
2019-02-11 23:24:23: basic_code_modules.cc:110: INFO: No module at 0x0
2019-02-11 23:24:23: basic_code_modules.cc:110: INFO: No module at 0x0
2019-02-11 23:24:23: basic_code_modules.cc:110: INFO: No module at 0x0
2019-02-11 23:24:23: basic_code_modules.cc:110: INFO: No module at 0x0
2019-02-11 23:24:23: basic_code_modules.cc:110: INFO: No module at 0x0
2019-02-11 23:24:23: basic_code_modules.cc:110: INFO: No module at 0x0
2019-02-11 23:24:23: basic_code_modules.cc:110: INFO: No module at 0x0
2019-02-11 23:24:23: basic_code_modules.cc:110: INFO: No module at 0x0
2019-02-11 23:24:23: basic_code_modules.cc:110: INFO: No module at 0x0
2019-02-11 23:24:23: basic_code_modules.cc:110: INFO: No module at 0x0
2019-02-11 23:24:23: basic_code_modules.cc:110: INFO: No module at 0x0
2019-02-11 23:24:23: basic_code_modules.cc:110: INFO: No module at 0x0
2019-02-11 23:24:23: basic_code_modules.cc:110: INFO: No module at 0x0
2019-02-11 23:24:23: basic_code_modules.cc:110: INFO: No module at 0x0
2019-02-11 23:24:23: basic_code_modules.cc:110: INFO: No module at 0x0
2019-02-11 23:24:23: basic_code_modules.cc:110: INFO: No module at 0x0
2019-02-11 23:24:23: basic_code_modules.cc:110: INFO: No module at 0x0
2019-02-11 23:24:23: basic_code_modules.cc:110: INFO: No module at 0x0
2019-02-11 23:24:23: basic_code_modules.cc:110: INFO: No module at 0x0
2019-02-11 23:24:23: basic_code_modules.cc:110: INFO: No module at 0x0
2019-02-11 23:24:23: basic_code_modules.cc:110: INFO: No module at 0x0
2019-02-11 23:24:23: minidump_processor.cc:326: INFO: Processed 106b4765-67ea-4163-abc4178e-8dfd2c69.dmp
Operating system: Linux
                  0.0.0 Linux 4.9.0-8-amd64 #1 SMP Debian 4.9.130-2 (2018-10-27) x86_64
CPU: amd64
     family 6 model 78 stepping 3
     1 CPU

GPU: UNKNOWN

Crash reason:  SIGSEGV /SEGV_MAPERR
Crash address: 0xfee1dead
Process uptime: not available

Thread 0 (crashed)
 0  AutomationStudio!QString::~QString() [qstring.h : 1130 + 0x4]
    rax = 0x00000000fee1dead   rdx = 0x000055f434eb2410
    rcx = 0x00000000ffffffff   rbx = 0x0000000000000000
    rsi = 0x000000000000ffff   rdi = 0x00000000fee1dead
    rbp = 0x00007ffcaa6a8b90   rsp = 0x00007ffcaa6a8b80
     r8 = 0x000055f434eb0da0    r9 = 0x0000000000000000
    r10 = 0x0000000000000132   r11 = 0x00007f9d553b0290
    r12 = 0x000055f433c15480   r13 = 0x00007ffcaa6a8f40
    r14 = 0x0000000000000000   r15 = 0x0000000000000000
    rip = 0x000055f433c3363a
    Found by: given as instruction pointer in context
 1  AutomationStudio!buggyFunc() [main.cpp : 45 + 0xa]
    rbx = 0x0000000000000000   rbp = 0x00007ffcaa6a8ba0
    rsp = 0x00007ffcaa6a8ba0   r12 = 0x000055f433c15480
    r13 = 0x00007ffcaa6a8f40   r14 = 0x0000000000000000
    r15 = 0x0000000000000000   rip = 0x000055f433c323b4
    Found by: call frame info
 2  AutomationStudio!main [main.cpp : 136 + 0x5]
    rbx = 0x0000000000000000   rbp = 0x00007ffcaa6a8e60
    rsp = 0x00007ffcaa6a8bb0   r12 = 0x000055f433c15480
    r13 = 0x00007ffcaa6a8f40   r14 = 0x0000000000000000
    r15 = 0x0000000000000000   rip = 0x000055f433c32bc7
    Found by: call frame info
 3  libc-2.24.so + 0x202e1
    rbx = 0x0000000000000000   rbp = 0x000055f433c46710
    rsp = 0x00007ffcaa6a8e70   r12 = 0x000055f433c15480
    r13 = 0x00007ffcaa6a8f40   r14 = 0x0000000000000000
    r15 = 0x0000000000000000   rip = 0x00007f9d545172e1
    Found by: call frame info
 4  AutomationStudio!main::{lambda()#2}::operator()() const + 0x3a
    rsp = 0x00007ffcaa6a8e90   rip = 0x000055f433c325e0
    Found by: stack scanning

Thread 1
 0  libc-2.24.so + 0xdf67d
    rax = 0xfffffffffffffdfc   rdx = 0x00000000ffffffff
    rcx = 0x00007f9d545d667d   rbx = 0x000055f434e62820
    rsi = 0x0000000000000001   rdi = 0x00007f9d4b954d30
    rbp = 0x0000000000000000   rsp = 0x00007f9d4b954d10
     r8 = 0x0000000000000000    r9 = 0x0000000004000001
    r10 = 0x0000000000000001   r11 = 0x0000000000000293
    r12 = 0x000055f434e62838   r13 = 0x000055f434e638c8
    r14 = 0x00000000ffffffff   r15 = 0x00007f9d4b954d30
    rip = 0x00007f9d545d667d
    Found by: given as instruction pointer in context
 1  libxcb.so.1.1.0 + 0xc150
    rsp = 0x00007f9d4b954d20   rip = 0x00007f9d4ec0f150
    Found by: stack scanning
 2  libQt5Core.so.5.11.1 + 0x2916eb
    rsp = 0x00007f9d4b954d40   rip = 0x00007f9d558536eb
    Found by: stack scanning
 3  libpthread-2.24.so + 0x9b95
    rsp = 0x00007f9d4b954d90   rip = 0x00007f9d553aeb95
    Found by: stack scanning
 4  libglib-2.0.so.0.5000.3 + 0x47619
    rsp = 0x00007f9d4b954dc0   rip = 0x00007f9d50637619
    Found by: stack scanning
 5  libQt5Core.so.5.11.1 + 0xad5d6
    rsp = 0x00007f9d4b954dd0   rip = 0x00007f9d5566f5d6
    Found by: stack scanning
 6  libQt5Core.so.5.11.1 + 0x36f320
    rsp = 0x00007f9d4b954dd8   rip = 0x00007f9d55931320
    Found by: stack scanning
 7  libxcb.so.1.1.0 + 0xdee9
    rsp = 0x00007f9d4b954e20   rip = 0x00007f9d4ec10ee9
    Found by: stack scanning
 8  libQt5XcbQpa.so.5.11.1 + 0x44729
    rsp = 0x00007f9d4b954e50   rip = 0x00007f9d4d5be729
    Found by: stack scanning
 9  libQt5Core.so.5.11.1 + 0xae554
    rsp = 0x00007f9d4b954e80   rip = 0x00007f9d55670554
    Found by: stack scanning
10  libQt5Core.so.5.11.1 + 0x36d3a0
    rsp = 0x00007f9d4b954e88   rip = 0x00007f9d5592f3a0
    Found by: stack scanning
11  libpthread-2.24.so + 0x7494
    rsp = 0x00007f9d4b954ee0   rip = 0x00007f9d553ac494
    Found by: stack scanning
12  libc-2.24.so + 0xe8acf
    rsp = 0x00007f9d4b954f80   rip = 0x00007f9d545dfacf
    Found by: stack scanning

Loaded modules:
0x55f433c03000 - 0x55f433ebafff  AutomationStudio  ???  (main)
0x7f9d4a544000 - 0x7f9d4a54afff  libxcb-xfixes.so.0.0.0  ???
0x7f9d4a74c000 - 0x7f9d4a9e7fff  libqtvirtualkeyboardplugin.so  ???
0x7f9d4ad39000 - 0x7f9d4ad47fff  libqxcb-glx-integration.so  ???
0x7f9d4af4a000 - 0x7f9d4af53fff  libXcursor.so.1.0.2  ???
0x7f9d4b956000 - 0x7f9d4b968fff  libgpg-error.so.0.21.0  ???
0x7f9d4bb6a000 - 0x7f9d4bc70fff  libgcrypt.so.20.1.6  ???
0x7f9d4be7a000 - 0x7f9d4be8afff  liblz4.so.1.7.1  ???
0x7f9d4c08c000 - 0x7f9d4c0b0fff  liblzma.so.5.2.2  ???
0x7f9d4c2b2000 - 0x7f9d4c2d6fff  libselinux.so.1  ???
0x7f9d4c4da000 - 0x7f9d4c55dfff  libsystemd.so.0.17.0  ???
0x7f9d4c564000 - 0x7f9d4c5b0fff  libdbus-1.so.3.14.15  ???
0x7f9d4c7b4000 - 0x7f9d4c7e4fff  libpng16.so.16.28.0  ???
0x7f9d4c9e7000 - 0x7f9d4c9effff  libXrender.so.1.3.0  ???
0x7f9d4cbf1000 - 0x7f9d4cbfffff  libXi.so.6.1.0  ???
0x7f9d4ce01000 - 0x7f9d4ce89fff  libQt5DBus.so.5.11.1  ???
0x7f9d4d08d000 - 0x7f9d4d134fff  libfreetype.so.6.12.3  ???
0x7f9d4d33c000 - 0x7f9d4d377fff  libfontconfig.so.1.8.0  ???
0x7f9d4d57a000 - 0x7f9d4d72afff  libQt5XcbQpa.so.5.11.1  ???  (WARNING: No symbols, libQt5XcbQpa.so.5.11.1, B986404F23E28A0BC21E8A739CF5521F0)
0x7f9d4d937000 - 0x7f9d4d938fff  libqxcb.so  ???
0x7f9d4db3a000 - 0x7f9d4db4cfff  libbsd.so.0.8.3  ???
0x7f9d4dd50000 - 0x7f9d4dd54fff  libXdmcp.so.6.0.0  ???
0x7f9d4df56000 - 0x7f9d4df58fff  libXau.so.6.0.0  ???
0x7f9d4e15a000 - 0x7f9d4e1cbfff  libpcre.so.3.13.3  ???
0x7f9d4e3cd000 - 0x7f9d4e3dafff  libdrm.so.2.4.0  ???
0x7f9d4e5dd000 - 0x7f9d4e5e1fff  libXxf86vm.so.1.0.0  ???
0x7f9d4e7e3000 - 0x7f9d4e7e6fff  libxcb-dri2.so.0.0.0  ???
0x7f9d4e9e8000 - 0x7f9d4e9fffff  libxcb-glx.so.0.0.0  ???
0x7f9d4ec03000 - 0x7f9d4ec29fff  libxcb.so.1.1.0  ???  (WARNING: No symbols, libxcb.so.1.1.0, 2A288E5D977B77F9C03A8C50828B82380)
0x7f9d4ee2b000 - 0x7f9d4ef64fff  libX11.so.6.3.0  ???
0x7f9d4f16b000 - 0x7f9d4f16bfff  libX11-xcb.so.1.0.0  ???
0x7f9d4f36d000 - 0x7f9d4f371fff  libXfixes.so.3.1.0  ???
0x7f9d4f573000 - 0x7f9d4f574fff  libXdamage.so.1.1.0  ???
0x7f9d4f776000 - 0x7f9d4f786fff  libXext.so.6.4.0  ???
0x7f9d4f988000 - 0x7f9d4f9b1fff  libglapi.so.0.0.0  ???
0x7f9d4fbb7000 - 0x7f9d4fbb7fff  libxshmfence.so.1.0.0  ???
0x7f9d4fdb9000 - 0x7f9d4fdbefff  libxcb-sync.so.1.0.0  ???
0x7f9d4ffc0000 - 0x7f9d4ffc1fff  libxcb-present.so.0.0.0  ???
0x7f9d501c3000 - 0x7f9d501c4fff  libxcb-dri3.so.0.0.0  ???
0x7f9d503c6000 - 0x7f9d503ecfff  libexpat.so.1.6.2  ???
0x7f9d505f0000 - 0x7f9d50701fff  libglib-2.0.so.0.5000.3  ???  (WARNING: No symbols, libglib-2.0.so.0.5000.3, 182C2CE9BC56050E064CCD40C688EF930)
0x7f9d50904000 - 0x7f9d50904fff  libgthread-2.0.so.0.5000.3  ???
0x7f9d50b06000 - 0x7f9d50b08fff  libdl-2.24.so  ???
0x7f9d50d0a000 - 0x7f9d526ecfff  libicudata.so.56.1  ???
0x7f9d526ed000 - 0x7f9d52891fff  libicuuc.so.56.1  ???
0x7f9d52aa5000 - 0x7f9d52d2dfff  libicui18n.so.56.1  ???
0x7f9d52f3e000 - 0x7f9d52f56fff  libz.so.1.2.8  ???
0x7f9d53158000 - 0x7f9d53272fff  libQt5QuickTemplates2.so.5.11.1  ???
0x7f9d53484000 - 0x7f9d5349afff  libQt5SerialPort.so.5.11.1  ???
0x7f9d5369d000 - 0x7f9d53912fff  libQuickQanava.so  ???
0x7f9d53b28000 - 0x7f9d53b66fff  libquazip.so.1.0.0  ???
0x7f9d53d69000 - 0x7f9d540dafff  libsioclient.so.1.0.0  ???
0x7f9d542ef000 - 0x7f9d542f5fff  librt-2.24.so  ???
0x7f9d544f7000 - 0x7f9d5468bfff  libc-2.24.so  ???  (WARNING: No symbols, libc-2.24.so, 269E88AA0FA7FA988D230D088F7CC5BF0)
0x7f9d54896000 - 0x7f9d548abfff  libgcc_s.so.1  ???
0x7f9d54aad000 - 0x7f9d54baffff  libm-2.24.so  ???
0x7f9d54db1000 - 0x7f9d54f22fff  libstdc++.so.6.0.22  ???
0x7f9d55133000 - 0x7f9d551a0fff  libGL.so.1.2.0  ???
0x7f9d553a5000 - 0x7f9d553bcfff  libpthread-2.24.so  ???  (WARNING: No symbols, libpthread-2.24.so, 31CD8542DD5896E5765C747AE210AB6C0)
0x7f9d555c2000 - 0x7f9d55b0afff  libQt5Core.so.5.11.1  ???  (WARNING: No symbols, libQt5Core.so.5.11.1, 8190AE2EA753D4F8041C213736DEACBD0)
0x7f9d55d1c000 - 0x7f9d55d21fff  libQt5Concurrent.so.5.11.1  ???
0x7f9d55f23000 - 0x7f9d560aefff  libQt5Network.so.5.11.1  ???
0x7f9d562b8000 - 0x7f9d56690fff  libQt5Qml.so.5.11.1  ???
0x7f9d568ad000 - 0x7f9d56e8efff  libQt5Gui.so.5.11.1  ???
0x7f9d570a9000 - 0x7f9d576bafff  libQt5Widgets.so.5.11.1  ???
0x7f9d578ed000 - 0x7f2019-02-11 23:24:23: minidump.cc:5075: INFO: Minidump closing minidump
9d57940fff  libQt5OpenGL.so.5.11.1  ???
0x7f9d57b44000 - 0x7f9d57f89fff  libQt5Quick.so.5.11.1  ???
0x7f9d581b4000 - 0x7f9d581e2fff  libQt5QuickControls2.so.5.11.1  ???
0x7f9d583e6000 - 0x7f9d58694fff  libautomationmodule.so  ???
0x7f9d588ac000 - 0x7f9d5891dfff  libautomationstudiocore.so.1.0.0  ???
0x7f9d58b23000 - 0x7f9d58b47fff  libCuteLogger.so.1.0.0  ???
0x7f9d58d4b000 - 0x7f9d58d4dfff  libboost_system.so.1.62.0  ???
0x7f9d58f4f000 - 0x7f9d58f71fff  ld-2.24.so  ???
0x7f9d58f89000 - 0x7f9d59123fff  locale-archive  ???
0x7ffcaa762000 - 0x7ffcaa763fff  linux-gate.so  ???
